<?xml version="1.0" encoding="UTF-8"?>
<!-- Generated by org.testng.reporters.JUnitReportReporter -->
<testsuite hostname="SurajDheple" failures="0" tests="1" name="Test_Classes1.Retry_Post_TC01" time="10.488" errors="0" timestamp="2023-07-03T11:01:01 IST" skipped="0">
  <testcase classname="Test_Classes1.Retry_Post_TC01" name="extractor" time="10.488"/>
  <system-out/>
</testsuite> <!-- Test_Classes1.Retry_Post_TC01 -->
