<?xml version="1.0" encoding="UTF-8"?>
<!-- Generated by org.testng.reporters.JUnitReportReporter -->
<testsuite hostname="SurajDheple" failures="0" tests="1" name="Test_Classes1.Post_Create_TC01" time="2.874" errors="0" timestamp="2023-07-03T11:01:01 IST" skipped="0">
  <testcase classname="Test_Classes1.Post_Create_TC01" name="extractor" time="2.874"/>
  <system-out/>
</testsuite> <!-- Test_Classes1.Post_Create_TC01 -->
